TN:
SF:src/app.js
FN:54,(anonymous_0)
FN:60,(anonymous_1)
FN:78,(anonymous_2)
FNF:3
FNH:0
FNDA:0,(anonymous_0)
FNDA:0,(anonymous_1)
FNDA:0,(anonymous_2)
DA:2,2
DA:3,2
DA:4,2
DA:5,2
DA:6,2
DA:7,2
DA:9,2
DA:10,2
DA:13,2
DA:14,2
DA:15,2
DA:16,2
DA:17,2
DA:18,2
DA:20,2
DA:23,2
DA:26,2
DA:34,2
DA:41,2
DA:44,2
DA:45,0
DA:49,2
DA:50,2
DA:53,2
DA:54,2
DA:55,0
DA:56,0
DA:60,2
DA:61,0
DA:70,2
DA:71,2
DA:72,2
DA:73,2
DA:74,2
DA:75,2
DA:78,2
DA:79,0
DA:86,2
DA:88,2
LF:39
LH:34
BRDA:27,0,0,2
BRDA:27,0,1,0
BRDA:44,1,0,0
BRDA:44,1,1,2
BRF:4
BRH:2
end_of_record
TN:
SF:src/config/database.js
FN:8,(anonymous_0)
FN:21,(anonymous_1)
FN:32,(anonymous_2)
FN:46,(anonymous_3)
FNF:4
FNH:0
FNDA:0,(anonymous_0)
FNDA:0,(anonymous_1)
FNDA:0,(anonymous_2)
FNDA:0,(anonymous_3)
DA:1,2
DA:2,2
DA:5,2
DA:8,2
DA:9,0
DA:10,0
DA:11,0
DA:12,0
DA:13,0
DA:15,0
DA:16,0
DA:21,2
DA:22,0
DA:23,0
DA:24,0
DA:26,0
DA:27,0
DA:32,2
DA:33,0
DA:34,0
DA:37,0
DA:39,0
DA:41,0
DA:42,0
DA:46,2
DA:48,0
DA:67,0
DA:81,0
DA:110,0
DA:127,0
DA:143,0
DA:144,0
DA:145,0
DA:146,0
DA:147,0
DA:148,0
DA:150,0
DA:153,2
LF:38
LH:8
BRDA:21,0,0,0
BRF:1
BRH:0
end_of_record
TN:
SF:src/config/swagger.js
FNF:0
FNH:0
DA:1,2
DA:2,2
DA:5,2
DA:383,2
DA:392,2
DA:395,2
DA:405,2
LF:7
LH:7
BRF:0
BRH:0
end_of_record
TN:
SF:src/middleware/auth.js
FN:5,(anonymous_0)
FN:60,(anonymous_1)
FN:61,(anonymous_2)
FN:81,(anonymous_3)
FNF:4
FNH:4
FNDA:10,(anonymous_0)
FNDA:12,(anonymous_1)
FNDA:7,(anonymous_2)
FNDA:6,(anonymous_3)
DA:1,2
DA:2,2
DA:5,2
DA:6,10
DA:7,10
DA:9,10
DA:10,1
DA:16,9
DA:19,9
DA:22,8
DA:28,8
DA:29,0
DA:35,8
DA:36,8
DA:38,1
DA:39,1
DA:45,0
DA:46,0
DA:52,0
DA:60,2
DA:61,12
DA:62,7
DA:63,0
DA:69,7
DA:70,3
DA:76,4
DA:81,2
DA:82,6
DA:83,6
DA:85,6
DA:86,6
DA:89,0
DA:90,0
DA:92,0
DA:98,0
DA:99,0
DA:102,0
DA:105,0
DA:109,2
LF:39
LH:27
BRDA:9,0,0,1
BRDA:9,0,1,9
BRDA:9,1,0,10
BRDA:9,1,1,9
BRDA:28,2,0,0
BRDA:28,2,1,8
BRDA:38,3,0,1
BRDA:38,3,1,0
BRDA:45,4,0,0
BRDA:45,4,1,0
BRDA:62,5,0,0
BRDA:62,5,1,7
BRDA:69,6,0,3
BRDA:69,6,1,4
BRDA:85,7,0,6
BRDA:85,7,1,0
BRDA:85,8,0,6
BRDA:85,8,1,0
BRDA:98,9,0,0
BRDA:98,9,1,0
BRF:20
BRH:11
end_of_record
TN:
SF:src/middleware/errorHandler.js
FN:2,(anonymous_0)
FN:11,(anonymous_1)
FNF:2
FNH:0
FNDA:0,(anonymous_0)
FNDA:0,(anonymous_1)
DA:2,2
DA:3,0
DA:4,0
DA:7,0
DA:10,0
DA:11,0
DA:12,0
DA:19,0
DA:20,0
DA:22,0
DA:26,0
DA:28,0
DA:32,0
DA:34,0
DA:38,0
DA:40,0
DA:48,0
DA:49,0
DA:55,0
DA:56,0
DA:63,0
DA:64,0
DA:70,0
DA:77,2
LF:24
LH:2
BRDA:10,0,0,0
BRDA:10,0,1,0
BRDA:19,1,0,0
BRDA:19,1,1,0
BRDA:20,2,0,0
BRDA:20,2,1,0
BRDA:20,2,2,0
BRDA:20,2,3,0
BRDA:48,3,0,0
BRDA:48,3,1,0
BRDA:55,4,0,0
BRDA:55,4,1,0
BRDA:63,5,0,0
BRDA:63,5,1,0
BRDA:70,6,0,0
BRDA:70,6,1,0
BRDA:72,7,0,0
BRDA:72,7,1,0
BRDA:73,8,0,0
BRDA:73,8,1,0
BRF:20
BRH:0
end_of_record
TN:
SF:src/middleware/validation.js
FN:4,(anonymous_0)
FN:5,(anonymous_1)
FN:9,(anonymous_2)
FNF:3
FNH:3
FNDA:34,(anonymous_0)
FNDA:13,(anonymous_1)
FNDA:2,(anonymous_2)
DA:1,2
DA:4,2
DA:5,34
DA:6,13
DA:8,13
DA:9,2
DA:10,2
DA:16,11
DA:21,2
DA:77,2
DA:117,2
DA:133,2
DA:140,2
LF:13
LH:13
BRDA:4,0,0,20
BRDA:8,1,0,2
BRDA:8,1,1,11
BRF:3
BRH:3
end_of_record
TN:
SF:src/routes/auth.js
FN:19,(anonymous_0)
FN:26,(anonymous_1)
FN:95,(anonymous_2)
FN:206,(anonymous_3)
FN:302,(anonymous_4)
FN:322,(anonymous_5)
FNF:6
FNH:4
FNDA:2,(anonymous_0)
FNDA:0,(anonymous_1)
FNDA:2,(anonymous_2)
FNDA:3,(anonymous_3)
FNDA:1,(anonymous_4)
FNDA:0,(anonymous_5)
DA:1,2
DA:2,2
DA:3,2
DA:4,2
DA:5,2
DA:6,2
DA:7,2
DA:9,2
DA:19,2
DA:20,2
DA:26,2
DA:27,0
DA:95,2
DA:96,2
DA:97,2
DA:100,2
DA:104,2
DA:105,1
DA:112,1
DA:113,1
DA:116,1
DA:119,1
DA:125,1
DA:128,1
DA:131,1
DA:133,1
DA:150,0
DA:151,0
DA:206,2
DA:207,3
DA:208,3
DA:211,3
DA:217,3
DA:218,1
DA:224,2
DA:227,2
DA:229,2
DA:230,1
DA:237,1
DA:238,0
DA:245,1
DA:247,1
DA:264,0
DA:265,0
DA:302,2
DA:303,1
DA:304,1
DA:311,0
DA:312,0
DA:322,2
DA:323,0
DA:324,0
DA:327,0
DA:332,0
DA:333,0
DA:340,0
DA:346,0
DA:352,0
DA:353,0
DA:360,2
LF:60
LH:43
BRDA:21,0,0,2
BRDA:21,0,1,0
BRDA:104,1,0,1
BRDA:104,1,1,1
BRDA:121,2,0,1
BRDA:121,2,1,0
BRDA:217,3,0,1
BRDA:217,3,1,2
BRDA:229,4,0,1
BRDA:229,4,1,1
BRDA:237,5,0,0
BRDA:237,5,1,1
BRDA:332,6,0,0
BRDA:332,6,1,0
BRF:14
BRH:9
end_of_record
TN:
SF:src/routes/categories.js
FN:9,(anonymous_0)
FN:21,(anonymous_1)
FN:64,(anonymous_2)
FN:95,(anonymous_3)
FN:160,(anonymous_4)
FN:217,(anonymous_5)
FN:256,(anonymous_6)
FNF:7
FNH:0
FNDA:0,(anonymous_0)
FNDA:0,(anonymous_1)
FNDA:0,(anonymous_2)
FNDA:0,(anonymous_3)
FNDA:0,(anonymous_4)
FNDA:0,(anonymous_5)
FNDA:0,(anonymous_6)
DA:1,2
DA:2,2
DA:3,2
DA:4,2
DA:6,2
DA:9,2
DA:10,0
DA:21,2
DA:22,0
DA:23,0
DA:25,0
DA:26,0
DA:27,0
DA:31,0
DA:32,0
DA:48,0
DA:64,0
DA:76,0
DA:84,0
DA:85,0
DA:95,2
DA:96,0
DA:97,0
DA:99,0
DA:113,0
DA:114,0
DA:120,0
DA:123,0
DA:129,0
DA:141,0
DA:149,0
DA:150,0
DA:160,2
DA:161,0
DA:162,0
DA:165,0
DA:168,0
DA:172,0
DA:173,0
DA:177,0
DA:183,0
DA:185,0
DA:197,0
DA:206,0
DA:207,0
DA:217,2
DA:218,0
DA:219,0
DA:220,0
DA:223,0
DA:227,0
DA:228,0
DA:235,0
DA:236,0
DA:237,0
DA:238,0
DA:240,0
DA:241,0
DA:242,0
DA:245,0
DA:246,0
DA:250,0
DA:251,0
DA:256,0
DA:257,0
DA:259,0
DA:266,0
DA:269,0
DA:275,0
DA:287,0
DA:296,0
DA:297,0
DA:304,2
LF:73
LH:11
BRDA:23,0,0,0
BRDA:26,1,0,0
BRDA:26,1,1,0
BRDA:31,2,0,0
BRDA:31,2,1,0
BRDA:113,3,0,0
BRDA:113,3,1,0
BRDA:172,4,0,0
BRDA:172,4,1,0
BRDA:179,5,0,0
BRDA:179,5,1,0
BRDA:179,6,0,0
BRDA:179,6,1,0
BRDA:227,7,0,0
BRDA:227,7,1,0
BRDA:236,8,0,0
BRDA:236,8,1,0
BRDA:240,9,0,0
BRDA:240,9,1,0
BRDA:241,10,0,0
BRDA:241,10,1,0
BRDA:242,11,0,0
BRDA:242,11,1,0
BRDA:245,12,0,0
BRDA:245,12,1,0
BRDA:250,13,0,0
BRDA:250,13,1,0
BRF:27
BRH:0
end_of_record
TN:
SF:src/routes/drones.js
FN:23,(anonymous_0)
FN:123,(anonymous_1)
FN:313,(anonymous_2)
FN:369,(anonymous_3)
FN:480,(anonymous_4)
FN:604,(anonymous_5)
FN:735,(anonymous_6)
FNF:7
FNH:7
FNDA:2,(anonymous_0)
FNDA:4,(anonymous_1)
FNDA:3,(anonymous_2)
FNDA:2,(anonymous_3)
FNDA:1,(anonymous_4)
FNDA:1,(anonymous_5)
FNDA:1,(anonymous_6)
DA:1,2
DA:2,2
DA:3,2
DA:4,2
DA:6,2
DA:23,2
DA:24,2
DA:123,2
DA:124,4
DA:136,4
DA:138,4
DA:145,4
DA:147,1
DA:179,1
DA:186,3
DA:187,1
DA:220,1
DA:226,2
DA:228,2
DA:262,2
DA:271,0
DA:303,0
DA:310,4
DA:313,4
DA:342,4
DA:358,0
DA:359,0
DA:369,2
DA:370,2
DA:371,2
DA:373,2
DA:384,2
DA:385,1
DA:391,1
DA:393,1
DA:423,1
DA:431,0
DA:432,0
DA:480,2
DA:481,1
DA:499,1
DA:502,1
DA:503,1
DA:504,1
DA:507,1
DA:508,1
DA:511,1
DA:512,0
DA:513,0
DA:517,1
DA:530,1
DA:559,0
DA:560,0
DA:604,2
DA:605,1
DA:606,1
DA:607,1
DA:610,1
DA:614,1
DA:615,0
DA:622,1
DA:623,1
DA:624,1
DA:625,1
DA:626,1
DA:628,1
DA:629,1
DA:630,1
DA:632,1
DA:633,1
DA:636,1
DA:637,0
DA:638,0
DA:644,1
DA:669,1
DA:698,0
DA:699,0
DA:735,2
DA:736,1
DA:737,1
DA:740,1
DA:744,1
DA:745,0
DA:752,1
DA:756,1
DA:762,0
DA:763,0
DA:770,2
LF:88
LH:70
BRDA:126,0,0,4
BRDA:127,1,0,4
BRDA:128,2,0,3
BRDA:129,3,0,4
BRDA:130,4,0,4
BRDA:131,5,0,2
BRDA:132,6,0,3
BRDA:133,7,0,4
BRDA:134,8,0,4
BRDA:135,9,0,4
BRDA:145,10,0,1
BRDA:145,10,1,3
BRDA:145,11,0,4
BRDA:145,11,1,3
BRDA:145,11,2,3
BRDA:145,11,3,3
BRDA:145,11,4,1
BRDA:145,11,5,1
BRDA:186,12,0,1
BRDA:186,12,1,2
BRDA:226,13,0,2
BRDA:226,13,1,0
BRDA:226,14,0,2
BRDA:226,14,1,0
BRDA:321,15,0,3
BRDA:321,15,1,0
BRDA:322,16,0,3
BRDA:322,16,1,0
BRDA:323,17,0,3
BRDA:323,17,1,0
BRDA:326,18,0,3
BRDA:326,18,1,3
BRDA:327,19,0,3
BRDA:327,19,1,3
BRDA:328,20,0,3
BRDA:328,20,1,3
BRDA:329,21,0,3
BRDA:329,21,1,0
BRDA:333,22,0,3
BRDA:333,22,1,0
BRDA:334,23,0,3
BRDA:334,23,1,0
BRDA:384,24,0,1
BRDA:384,24,1,1
BRDA:401,25,0,1
BRDA:401,25,1,0
BRDA:402,26,0,1
BRDA:402,26,1,0
BRDA:403,27,0,1
BRDA:403,27,1,0
BRDA:406,28,0,1
BRDA:406,28,1,1
BRDA:407,29,0,1
BRDA:407,29,1,1
BRDA:408,30,0,1
BRDA:408,30,1,1
BRDA:409,31,0,1
BRDA:409,31,1,0
BRDA:413,32,0,1
BRDA:413,32,1,0
BRDA:414,33,0,1
BRDA:414,33,1,0
BRDA:489,34,0,1
BRDA:490,35,0,0
BRDA:491,36,0,0
BRDA:492,37,0,0
BRDA:494,38,0,1
BRDA:498,39,0,1
BRDA:511,40,0,1
BRDA:511,40,1,0
BRDA:543,41,0,1
BRDA:543,41,1,0
BRDA:544,42,0,1
BRDA:544,42,1,0
BRDA:545,43,0,1
BRDA:545,43,1,0
BRDA:547,44,0,1
BRDA:547,44,1,1
BRDA:548,45,0,1
BRDA:548,45,1,0
BRDA:552,46,0,1
BRDA:552,46,1,0
BRDA:614,47,0,0
BRDA:614,47,1,1
BRDA:623,48,0,1
BRDA:623,48,1,0
BRDA:623,49,0,1
BRDA:623,49,1,0
BRDA:623,49,2,0
BRDA:624,50,0,1
BRDA:624,50,1,1
BRDA:625,51,0,1
BRDA:625,51,1,1
BRDA:628,52,0,1
BRDA:628,52,1,0
BRDA:636,53,0,1
BRDA:636,53,1,0
BRDA:658,54,0,0
BRDA:658,54,1,1
BRDA:659,55,0,0
BRDA:659,55,1,1
BRDA:660,56,0,0
BRDA:660,56,1,1
BRDA:661,57,0,0
BRDA:661,57,1,1
BRDA:662,58,0,0
BRDA:662,58,1,1
BRDA:682,59,0,1
BRDA:682,59,1,0
BRDA:683,60,0,1
BRDA:683,60,1,0
BRDA:684,61,0,1
BRDA:684,61,1,0
BRDA:686,62,0,1
BRDA:686,62,1,1
BRDA:687,63,0,1
BRDA:687,63,1,0
BRDA:691,64,0,1
BRDA:691,64,1,0
BRDA:744,65,0,0
BRDA:744,65,1,1
BRF:121
BRH:81
end_of_record
TN:
SF:src/routes/orders.js
FN:33,(anonymous_0)
FN:142,(anonymous_1)
FN:183,(anonymous_2)
FN:223,(anonymous_3)
FNF:4
FNH:0
FNDA:0,(anonymous_0)
FNDA:0,(anonymous_1)
FNDA:0,(anonymous_2)
FNDA:0,(anonymous_3)
DA:1,2
DA:2,2
DA:3,2
DA:4,2
DA:5,2
DA:7,2
DA:10,2
DA:33,2
DA:34,0
DA:35,0
DA:36,0
DA:39,0
DA:40,0
DA:42,0
DA:43,0
DA:49,0
DA:50,0
DA:56,0
DA:58,0
DA:59,0
DA:66,0
DA:67,0
DA:73,0
DA:74,0
DA:83,0
DA:103,0
DA:106,0
DA:107,0
DA:114,0
DA:131,0
DA:132,0
DA:142,2
DA:143,0
DA:144,0
DA:145,0
DA:146,0
DA:149,0
DA:150,0
DA:152,0
DA:153,0
DA:154,0
DA:157,0
DA:160,0
DA:168,0
DA:170,0
DA:173,0
DA:179,0
DA:180,0
DA:183,0
DA:196,0
DA:212,0
DA:213,0
DA:223,2
DA:224,0
DA:225,0
DA:226,0
DA:229,0
DA:230,0
DA:232,0
DA:233,0
DA:234,0
DA:237,0
DA:244,0
DA:245,0
DA:251,0
DA:253,0
DA:271,0
DA:279,0
DA:280,0
DA:287,2
LF:70
LH:11
BRDA:49,0,0,0
BRDA:49,0,1,0
BRDA:58,1,0,0
BRDA:58,1,1,0
BRDA:66,2,0,0
BRDA:66,2,1,0
BRDA:144,3,0,0
BRDA:144,4,0,0
BRDA:144,5,0,0
BRDA:152,6,0,0
BRDA:152,6,1,0
BRDA:152,7,0,0
BRDA:152,7,1,0
BRDA:232,8,0,0
BRDA:232,8,1,0
BRDA:244,9,0,0
BRDA:244,9,1,0
BRF:17
BRH:0
end_of_record
TN:
SF:src/routes/reviews.js
FN:20,(anonymous_0)
FN:118,(anonymous_1)
FN:186,(anonymous_2)
FN:191,(anonymous_3)
FN:234,(anonymous_4)
FN:270,(anonymous_5)
FNF:6
FNH:0
FNDA:0,(anonymous_0)
FNDA:0,(anonymous_1)
FNDA:0,(anonymous_2)
FNDA:0,(anonymous_3)
FNDA:0,(anonymous_4)
FNDA:0,(anonymous_5)
DA:1,2
DA:2,2
DA:3,2
DA:4,2
DA:5,2
DA:7,2
DA:10,2
DA:20,2
DA:21,0
DA:22,0
DA:23,0
DA:26,0
DA:30,0
DA:31,0
DA:38,0
DA:42,0
DA:43,0
DA:50,0
DA:56,0
DA:59,0
DA:67,0
DA:77,0
DA:81,0
DA:98,0
DA:107,0
DA:108,0
DA:118,2
DA:119,0
DA:120,0
DA:121,0
DA:122,0
DA:125,0
DA:129,0
DA:130,0
DA:137,0
DA:138,0
DA:139,0
DA:140,0
DA:143,0
DA:160,0
DA:163,0
DA:169,0
DA:172,0
DA:182,0
DA:186,0
DA:187,0
DA:191,0
DA:203,0
DA:223,0
DA:224,0
DA:234,2
DA:235,0
DA:236,0
DA:237,0
DA:238,0
DA:241,0
DA:261,0
DA:267,0
DA:270,0
DA:285,0
DA:301,0
DA:302,0
DA:309,2
LF:63
LH:11
BRDA:30,0,0,0
BRDA:30,0,1,0
BRDA:42,1,0,0
BRDA:42,1,1,0
BRDA:121,2,0,0
BRDA:121,3,0,0
BRDA:121,4,0,0
BRDA:121,5,0,0
BRDA:129,6,0,0
BRDA:129,6,1,0
BRDA:139,7,0,0
BRDA:139,7,1,0
BRDA:140,8,0,0
BRDA:140,8,1,0
BRDA:236,9,0,0
BRDA:236,10,0,0
BRDA:279,11,0,0
BRDA:279,11,1,0
BRDA:279,12,0,0
BRDA:279,12,1,0
BRF:20
BRH:0
end_of_record
TN:
SF:src/routes/users.js
FN:27,(anonymous_0)
FN:82,(anonymous_1)
FN:117,(anonymous_2)
FN:159,(anonymous_3)
FN:214,(anonymous_4)
FN:268,(anonymous_5)
FNF:6
FNH:0
FNDA:0,(anonymous_0)
FNDA:0,(anonymous_1)
FNDA:0,(anonymous_2)
FNDA:0,(anonymous_3)
FNDA:0,(anonymous_4)
FNDA:0,(anonymous_5)
DA:1,2
DA:2,2
DA:3,2
DA:4,2
DA:5,2
DA:6,2
DA:8,2
DA:11,2
DA:19,2
DA:27,2
DA:28,0
DA:29,0
DA:44,0
DA:45,0
DA:51,0
DA:53,0
DA:71,0
DA:72,0
DA:82,2
DA:83,0
DA:84,0
DA:85,0
DA:88,0
DA:89,0
DA:93,0
DA:94,0
DA:102,0
DA:103,0
DA:104,0
DA:105,0
DA:106,0
DA:109,0
DA:110,0
DA:117,0
DA:118,0
DA:120,0
DA:127,0
DA:129,0
DA:148,0
DA:149,0
DA:159,2
DA:160,0
DA:161,0
DA:162,0
DA:165,0
DA:169,0
DA:170,0
DA:177,0
DA:179,0
DA:180,0
DA:187,0
DA:188,0
DA:191,0
DA:197,0
DA:203,0
DA:204,0
DA:214,2
DA:215,0
DA:216,0
DA:217,0
DA:220,0
DA:221,0
DA:223,0
DA:224,0
DA:225,0
DA:228,0
DA:229,0
DA:230,0
DA:233,0
DA:236,0
DA:253,0
DA:255,0
DA:258,0
DA:264,0
DA:265,0
DA:268,0
DA:280,0
DA:296,0
DA:297,0
DA:304,2
LF:80
LH:14
BRDA:44,0,0,0
BRDA:44,0,1,0
BRDA:88,1,0,0
BRDA:88,1,1,0
BRDA:88,2,0,0
BRDA:88,2,1,0
BRDA:93,3,0,0
BRDA:93,3,1,0
BRDA:103,4,0,0
BRDA:103,4,1,0
BRDA:104,5,0,0
BRDA:104,5,1,0
BRDA:105,6,0,0
BRDA:105,6,1,0
BRDA:105,7,0,0
BRDA:105,7,1,0
BRDA:106,8,0,0
BRDA:106,8,1,0
BRDA:109,9,0,0
BRDA:109,9,1,0
BRDA:169,10,0,0
BRDA:169,10,1,0
BRDA:179,11,0,0
BRDA:179,11,1,0
BRDA:216,12,0,0
BRDA:216,13,0,0
BRDA:216,14,0,0
BRDA:216,15,0,0
BRDA:223,16,0,0
BRDA:223,16,1,0
BRDA:228,17,0,0
BRDA:228,17,1,0
BRDA:228,18,0,0
BRDA:228,18,1,0
BRDA:233,19,0,0
BRDA:233,19,1,0
BRF:36
BRH:0
end_of_record
TN:
SF:src/utils/email.js
FNF:0
FNH:0
DA:2,0
DA:7,0
DA:12,0
DA:17,0
DA:22,0
LF:5
LH:0
BRF:0
BRH:0
end_of_record
